asdasd
asdasd
<30>Apr 22 23:29:13 DaniilakLapTopE-OS systemd[1]: routerLogs.service: Service hold-off time over, scheduling restart.
<30>Apr 22 23:29:13 DaniilakLapTopE-OS systemd[1]: routerLogs.service: Scheduled restart job, restart counter is at 1370.
<30>Apr 22 23:29:13 DaniilakLapTopE-OS systemd[1]: Stopped routerLogs Service.
<30>Apr 22 23:29:13 DaniilakLapTopE-OS systemd[1]: Started routerLogs Service.
<27>Apr 22 23:29:13 DaniilakLapTopE-OS systemd[16891]: routerLogs.service: Failed to execute command: No such file or directory
<27>Apr 22 23:29:13 DaniilakLapTopE-OS systemd[16891]: routerLogs.service: Failed at step EXEC spawning /root/.pyenv/shims/python: No such file or directory
<29>Apr 22 23:29:13 DaniilakLapTopE-OS systemd[1]: routerLogs.service: Main process exited, code=exited, status=203/EXEC
<28>Apr 22 23:29:13 DaniilakLapTopE-OS systemd[1]: routerLogs.service: Failed with result 'exit-code'.
<30>Apr 22 23:29:18 DaniilakLapTopE-OS systemd[1]: routerLogs.service: Service hold-off time over, scheduling restart.
<30>Apr 22 23:29:18 DaniilakLapTopE-OS systemd[1]: routerLogs.service: Scheduled restart job, restart counter is at 1371.
<30>Apr 22 23:29:18 DaniilakLapTopE-OS systemd[1]: Stopped routerLogs Service.
<30>Apr 22 23:29:18 DaniilakLapTopE-OS systemd[1]: Started routerLogs Service.
<27>Apr 22 23:29:18 DaniilakLapTopE-OS systemd[17083]: routerLogs.service: Failed to execute command: No such file or directory
<27>Apr 22 23:29:18 DaniilakLapTopE-OS systemd[17083]: routerLogs.service: Failed at step EXEC spawning /root/.pyenv/shims/python: No such file or directory
<29>Apr 22 23:29:18 DaniilakLapTopE-OS systemd[1]: routerLogs.service: Main process exited, code=exited, status=203/EXEC
<28>Apr 22 23:29:18 DaniilakLapTopE-OS systemd[1]: routerLogs.service: Failed with result 'exit-code'.
<30>Apr 22 23:29:23 DaniilakLapTopE-OS dbus-daemon[2472]: [session uid=1000 pid=2472] Activating service name='org.freedesktop.thumbnails.Thumbnailer1' requested by ':1.145' (uid=1000 pid=8716 comm="io.elementary.files " label="unconfined")
<14>Apr 22 23:29:23 DaniilakLapTopE-OS org.freedesktop.thumbnails.Thumb Registered thumbailer gnome-thumbnail-font --size %s %u %o
<14>Apr 22 23:29:23 DaniilakLapTopE-OS org.freedesktop.thumbnails.Thumb Registered thumbailer /usr/bin/gdk-pixbuf-thumbnailer -s %s %u %o
<14>Apr 22 23:29:23 DaniilakLapTopE-OS org.freedesktop.thumbnails.Thumb Registered thumbailer evince-thumbnailer -s %s %u %o
<14>Apr 22 23:29:23 DaniilakLapTopE-OS org.freedesktop.thumbnails.Thumb Registered thumbailer /usr/bin/gdk-pixbuf-thumbnailer -s %s %u %o
<30>Apr 22 23:29:23 DaniilakLapTopE-OS dbus-daemon[2472]: [session uid=1000 pid=2472] Successfully activated service 'org.freedesktop.thumbnails.Thumbnailer1'
<30>Apr 22 23:29:23 DaniilakLapTopE-OS systemd[1]: routerLogs.service: Service hold-off time over, scheduling restart.
<30>Apr 22 23:29:23 DaniilakLapTopE-OS systemd[1]: routerLogs.service: Scheduled restart job, restart counter is at 1372.
<30>Apr 22 23:29:23 DaniilakLapTopE-OS systemd[1]: Stopped routerLogs Service.
<30>Apr 22 23:29:23 DaniilakLapTopE-OS systemd[1]: Started routerLogs Service.
<27>Apr 22 23:29:23 DaniilakLapTopE-OS systemd[17283]: routerLogs.service: Failed to execute command: No such file or directory
<27>Apr 22 23:29:23 DaniilakLapTopE-OS systemd[17283]: routerLogs.service: Failed at step EXEC spawning /root/.pyenv/shims/python: No such file or directory
<29>Apr 22 23:29:23 DaniilakLapTopE-OS systemd[1]: routerLogs.service: Main process exited, code=exited, status=203/EXEC
<28>Apr 22 23:29:23 DaniilakLapTopE-OS systemd[1]: routerLogs.service: Failed with result 'exit-code'.
<12>Apr 22 23:29:25 DaniilakLapTopE-OS xdg-desktop-por[4236]: Failed to create foreign window for XID 1449275657
<12>Apr 22 23:29:25 DaniilakLapTopE-OS xdg-desktop-por[4236]: Failed to associate portal window with parent window x11:56623109
<30>Apr 22 23:29:25 DaniilakLapTopE-OS dbus-daemon[788]: [system] Activating via systemd: service name='org.freedesktop.hostname1' unit='dbus-org.freedesktop.hostname1.service' requested by ':1.86' (uid=1000 pid=4236 comm="/usr/libexec/xdg-desktop-portal-gtk " label="unconfined")
<30>Apr 22 23:29:25 DaniilakLapTopE-OS systemd[1]: Starting Hostname Service...
<30>Apr 22 23:29:25 DaniilakLapTopE-OS dbus-daemon[788]: [system] Successfully activated service 'org.freedesktop.hostname1'
<30>Apr 22 23:29:25 DaniilakLapTopE-OS systemd[1]: Started Hostname Service.
<30>Apr 22 23:29:29 DaniilakLapTopE-OS systemd[1]: routerLogs.service: Service hold-off time over, scheduling restart.
<30>Apr 22 23:29:29 DaniilakLapTopE-OS systemd[1]: routerLogs.service: Scheduled restart job, restart counter is at 1373.
<30>Apr 22 23:29:29 DaniilakLapTopE-OS systemd[1]: Stopped routerLogs Service.
<30>Apr 22 23:29:29 DaniilakLapTopE-OS systemd[1]: Started routerLogs Service.
<27>Apr 22 23:29:29 DaniilakLapTopE-OS systemd[17538]: routerLogs.service: Failed to execute command: No such file or directory
<27>Apr 22 23:29:29 DaniilakLapTopE-OS systemd[17538]: routerLogs.service: Failed at step EXEC spawning /root/.pyenv/shims/python: No such file or directory
<29>Apr 22 23:29:29 DaniilakLapTopE-OS systemd[1]: routerLogs.service: Main process exited, code=exited, status=203/EXEC
<28>Apr 22 23:29:29 DaniilakLapTopE-OS systemd[1]: routerLogs.service: Failed with result 'exit-code'.
<30>Apr 22 23:29:34 DaniilakLapTopE-OS systemd[1]: routerLogs.service: Service hold-off time over, scheduling restart.
<30>Apr 22 23:29:34 DaniilakLapTopE-OS systemd[1]: routerLogs.service: Scheduled restart job, restart counter is at 1374.
<30>Apr 22 23:29:34 DaniilakLapTopE-OS systemd[1]: Stopped routerLogs Service.
<30>Apr 22 23:29:34 DaniilakLapTopE-OS systemd[1]: Started routerLogs Service.
<27>Apr 22 23:29:34 DaniilakLapTopE-OS systemd[17737]: routerLogs.service: Failed to execute command: No such file or directory
<27>Apr 22 23:29:34 DaniilakLapTopE-OS systemd[17737]: routerLogs.service: Failed at step EXEC spawning /root/.pyenv/shims/python: No such file or directory
<29>Apr 22 23:29:34 DaniilakLapTopE-OS systemd[1]: routerLogs.service: Main process exited, code=exited, status=203/EXEC
<28>Apr 22 23:29:34 DaniilakLapTopE-OS systemd[1]: routerLogs.service: Failed with result 'exit-code'.
<30>Apr 22 23:29:39 DaniilakLapTopE-OS systemd[1]: routerLogs.service: Service hold-off time over, scheduling restart.
<30>Apr 22 23:29:39 DaniilakLapTopE-OS systemd[1]: routerLogs.service: Scheduled restart job, restart counter is at 1375.
<30>Apr 22 23:29:39 DaniilakLapTopE-OS systemd[1]: Stopped routerLogs Service.
<30>Apr 22 23:29:39 DaniilakLapTopE-OS systemd[1]: Started routerLogs Service.
<27>Apr 22 23:29:39 DaniilakLapTopE-OS systemd[17933]: routerLogs.service: Failed to execute command: No such file or directory
<27>Apr 22 23:29:39 DaniilakLapTopE-OS systemd[17933]: routerLogs.service: Failed at step EXEC spawning /root/.pyenv/shims/python: No such file or directory
<29>Apr 22 23:29:39 DaniilakLapTopE-OS systemd[1]: routerLogs.service: Main process exited, code=exited, status=203/EXEC
<28>Apr 22 23:29:39 DaniilakLapTopE-OS systemd[1]: routerLogs.service: Failed with result 'exit-code'.
<30>Apr 22 23:29:44 DaniilakLapTopE-OS systemd[1]: routerLogs.service: Service hold-off time over, scheduling restart.
<30>Apr 22 23:29:44 DaniilakLapTopE-OS systemd[1]: routerLogs.service: Scheduled restart job, restart counter is at 1376.
<30>Apr 22 23:29:44 DaniilakLapTopE-OS systemd[1]: Stopped routerLogs Service.
<30>Apr 22 23:29:44 DaniilakLapTopE-OS systemd[1]: Started routerLogs Service.
<27>Apr 22 23:29:44 DaniilakLapTopE-OS systemd[18150]: routerLogs.service: Failed to execute command: No such file or directory
<27>Apr 22 23:29:44 DaniilakLapTopE-OS systemd[18150]: routerLogs.service: Failed at step EXEC spawning /root/.pyenv/shims/python: No such file or directory
<29>Apr 22 23:29:44 DaniilakLapTopE-OS systemd[1]: routerLogs.service: Main process exited, code=exited, status=203/EXEC
<28>Apr 22 23:29:44 DaniilakLapTopE-OS systemd[1]: routerLogs.service: Failed with result 'exit-code'.
<30>Apr 22 23:29:50 DaniilakLapTopE-OS systemd[1]: routerLogs.service: Service hold-off time over, scheduling restart.
<30>Apr 22 23:29:50 DaniilakLapTopE-OS systemd[1]: routerLogs.service: Scheduled restart job, restart counter is at 1377.
<30>Apr 22 23:29:50 DaniilakLapTopE-OS systemd[1]: Stopped routerLogs Service.
<30>Apr 22 23:29:50 DaniilakLapTopE-OS systemd[1]: Started routerLogs Service.
<27>Apr 22 23:29:50 DaniilakLapTopE-OS systemd[18408]: routerLogs.service: Failed to execute command: No such file or directory
<27>Apr 22 23:29:50 DaniilakLapTopE-OS systemd[18408]: routerLogs.service: Failed at step EXEC spawning /root/.pyenv/shims/python: No such file or directory
<29>Apr 22 23:29:50 DaniilakLapTopE-OS systemd[1]: routerLogs.service: Main process exited, code=exited, status=203/EXEC
<28>Apr 22 23:29:50 DaniilakLapTopE-OS systemd[1]: routerLogs.service: Failed with result 'exit-code'.
<30>Apr 22 23:29:55 DaniilakLapTopE-OS systemd[1]: routerLogs.service: Service hold-off time over, scheduling restart.
<30>Apr 22 23:29:55 DaniilakLapTopE-OS systemd[1]: routerLogs.service: Scheduled restart job, restart counter is at 1378.
<30>Apr 22 23:29:55 DaniilakLapTopE-OS systemd[1]: Stopped routerLogs Service.
<30>Apr 22 23:29:55 DaniilakLapTopE-OS systemd[1]: Started routerLogs Service.
<27>Apr 22 23:29:55 DaniilakLapTopE-OS systemd[18599]: routerLogs.service: Failed to execute command: No such file or directory
<27>Apr 22 23:29:55 DaniilakLapTopE-OS systemd[18599]: routerLogs.service: Failed at step EXEC spawning /root/.pyenv/shims/python: No such file or directory
<29>Apr 22 23:29:55 DaniilakLapTopE-OS systemd[1]: routerLogs.service: Main process exited, code=exited, status=203/EXEC
<28>Apr 22 23:29:55 DaniilakLapTopE-OS systemd[1]: routerLogs.service: Failed with result 'exit-code'.
<30>Apr 22 23:30:00 DaniilakLapTopE-OS systemd[1]: routerLogs.service: Service hold-off time over, scheduling restart.
<30>Apr 22 23:30:00 DaniilakLapTopE-OS systemd[1]: routerLogs.service: Scheduled restart job, restart counter is at 1379.
<30>Apr 22 23:30:00 DaniilakLapTopE-OS systemd[1]: Stopped routerLogs Service.
<30>Apr 22 23:30:00 DaniilakLapTopE-OS systemd[1]: Started routerLogs Service.
<27>Apr 22 23:30:00 DaniilakLapTopE-OS systemd[18806]: routerLogs.service: Failed to execute command: No such file or directory
<27>Apr 22 23:30:00 DaniilakLapTopE-OS systemd[18806]: routerLogs.service: Failed at step EXEC spawning /root/.pyenv/shims/python: No such file or directory
<29>Apr 22 23:30:00 DaniilakLapTopE-OS systemd[1]: routerLogs.service: Main process exited, code=exited, status=203/EXEC
<28>Apr 22 23:30:00 DaniilakLapTopE-OS systemd[1]: routerLogs.service: Failed with result 'exit-code'.
<30>Apr 22 23:30:05 DaniilakLapTopE-OS systemd[1]: routerLogs.service: Service hold-off time over, scheduling restart.
<30>Apr 22 23:30:05 DaniilakLapTopE-OS systemd[1]: routerLogs.service: Scheduled restart job, restart counter is at 1380.
<30>Apr 22 23:30:05 DaniilakLapTopE-OS systemd[1]: Stopped routerLogs Service.
<30>Apr 22 23:30:05 DaniilakLapTopE-OS systemd[1]: Started routerLogs Service.
<27>Apr 22 23:30:05 DaniilakLapTopE-OS systemd[19005]: routerLogs.service: Failed to execute command: No such file or directory
<27>Apr 22 23:30:05 DaniilakLapTopE-OS systemd[19005]: routerLogs.service: Failed at step EXEC spawning /root/.pyenv/shims/python: No such file or directory
<29>Apr 22 23:30:05 DaniilakLapTopE-OS systemd[1]: routerLogs.service: Main process exited, code=exited, status=203/EXEC
<28>Apr 22 23:30:05 DaniilakLapTopE-OS systemd[1]: routerLogs.service: Failed with result 'exit-code'.
<30>Apr 22 23:30:10 DaniilakLapTopE-OS systemd[1]: routerLogs.service: Service hold-off time over, scheduling restart.
<30>Apr 22 23:30:10 DaniilakLapTopE-OS systemd[1]: routerLogs.service: Scheduled restart job, restart counter is at 1381.
<30>Apr 22 23:30:10 DaniilakLapTopE-OS systemd[1]: Stopped routerLogs Service.
<30>Apr 22 23:30:10 DaniilakLapTopE-OS systemd[1]: Started routerLogs Service.
<27>Apr 22 23:30:10 DaniilakLapTopE-OS systemd[19196]: routerLogs.service: Failed to execute command: No such file or directory
<27>Apr 22 23:30:10 DaniilakLapTopE-OS systemd[19196]: routerLogs.service: Failed at step EXEC spawning /root/.pyenv/shims/python: No such file or directory
<29>Apr 22 23:30:10 DaniilakLapTopE-OS systemd[1]: routerLogs.service: Main process exited, code=exited, status=203/EXEC
<28>Apr 22 23:30:10 DaniilakLapTopE-OS systemd[1]: routerLogs.service: Failed with result 'exit-code'.
<30>Apr 22 23:30:16 DaniilakLapTopE-OS systemd[1]: routerLogs.service: Service hold-off time over, scheduling restart.
<30>Apr 22 23:30:16 DaniilakLapTopE-OS systemd[1]: routerLogs.service: Scheduled restart job, restart counter is at 1382.
<30>Apr 22 23:30:16 DaniilakLapTopE-OS systemd[1]: Stopped routerLogs Service.
<30>Apr 22 23:30:16 DaniilakLapTopE-OS systemd[1]: Started routerLogs Service.
<27>Apr 22 23:30:16 DaniilakLapTopE-OS systemd[19389]: routerLogs.service: Failed to execute command: No such file or directory
<27>Apr 22 23:30:16 DaniilakLapTopE-OS systemd[19389]: routerLogs.service: Failed at step EXEC spawning /root/.pyenv/shims/python: No such file or directory
<29>Apr 22 23:30:16 DaniilakLapTopE-OS systemd[1]: routerLogs.service: Main process exited, code=exited, status=203/EXEC
<28>Apr 22 23:30:16 DaniilakLapTopE-OS systemd[1]: routerLogs.service: Failed with result 'exit-code'.
<13>Apr 22 23:30:18 DaniilakLapTopE-OS chromium-browse[4191]: GtkDialog mapped without a transient parent. This is discouraged.
<30>Apr 22 23:30:18 DaniilakLapTopE-OS dbus-daemon[788]: [system] Activating via systemd: service name='org.freedesktop.hostname1' unit='dbus-org.freedesktop.hostname1.service' requested by ':1.242' (uid=1000 pid=4191 comm="/usr/lib/chromium-browser/chromium-browser --enabl" label="unconfined")
<30>Apr 22 23:30:18 DaniilakLapTopE-OS systemd[1]: Starting Hostname Service...
<30>Apr 22 23:30:18 DaniilakLapTopE-OS dbus-daemon[788]: [system] Successfully activated service 'org.freedesktop.hostname1'
<30>Apr 22 23:30:18 DaniilakLapTopE-OS systemd[1]: Started Hostname Service.
<30>Apr 22 23:30:21 DaniilakLapTopE-OS systemd[1]: routerLogs.service: Service hold-off time over, scheduling restart.
<30>Apr 22 23:30:21 DaniilakLapTopE-OS systemd[1]: routerLogs.service: Scheduled restart job, restart counter is at 1383.
<30>Apr 22 23:30:21 DaniilakLapTopE-OS systemd[1]: Stopped routerLogs Service.
<30>Apr 22 23:30:21 DaniilakLapTopE-OS systemd[1]: Started routerLogs Service.
<27>Apr 22 23:30:21 DaniilakLapTopE-OS systemd[19626]: routerLogs.service: Failed to execute command: No such file or directory
<27>Apr 22 23:30:21 DaniilakLapTopE-OS systemd[19626]: routerLogs.service: Failed at step EXEC spawning /root/.pyenv/shims/python: No such file or directory
<29>Apr 22 23:30:21 DaniilakLapTopE-OS systemd[1]: routerLogs.service: Main process exited, code=exited, status=203/EXEC
<28>Apr 22 23:30:21 DaniilakLapTopE-OS systemd[1]: routerLogs.service: Failed with result 'exit-code'.
<30>Apr 22 23:30:26 DaniilakLapTopE-OS systemd[1]: routerLogs.service: Service hold-off time over, scheduling restart.
<30>Apr 22 23:30:26 DaniilakLapTopE-OS systemd[1]: routerLogs.service: Scheduled restart job, restart counter is at 1384.
<30>Apr 22 23:30:26 DaniilakLapTopE-OS systemd[1]: Stopped routerLogs Service.
<30>Apr 22 23:30:26 DaniilakLapTopE-OS systemd[1]: Started routerLogs Service.
<27>Apr 22 23:30:26 DaniilakLapTopE-OS systemd[19840]: routerLogs.service: Failed to execute command: No such file or directory
<27>Apr 22 23:30:26 DaniilakLapTopE-OS systemd[19840]: routerLogs.service: Failed at step EXEC spawning /root/.pyenv/shims/python: No such file or directory
<29>Apr 22 23:30:26 DaniilakLapTopE-OS systemd[1]: routerLogs.service: Main process exited, code=exited, status=203/EXEC
<28>Apr 22 23:30:26 DaniilakLapTopE-OS systemd[1]: routerLogs.service: Failed with result 'exit-code'.
<30>Apr 22 23:30:31 DaniilakLapTopE-OS systemd[1]: routerLogs.service: Service hold-off time over, scheduling restart.
<30>Apr 22 23:30:31 DaniilakLapTopE-OS systemd[1]: routerLogs.service: Scheduled restart job, restart counter is at 1385.
<30>Apr 22 23:30:31 DaniilakLapTopE-OS systemd[1]: Stopped routerLogs Service.
<30>Apr 22 23:30:31 DaniilakLapTopE-OS systemd[1]: Started routerLogs Service.
<27>Apr 22 23:30:31 DaniilakLapTopE-OS systemd[20054]: routerLogs.service: Failed to execute command: No such file or directory
<27>Apr 22 23:30:31 DaniilakLapTopE-OS systemd[20054]: routerLogs.service: Failed at step EXEC spawning /root/.pyenv/shims/python: No such file or directory
<29>Apr 22 23:30:31 DaniilakLapTopE-OS systemd[1]: routerLogs.service: Main process exited, code=exited, status=203/EXEC
<28>Apr 22 23:30:31 DaniilakLapTopE-OS systemd[1]: routerLogs.service: Failed with result 'exit-code'.
<30>Apr 22 23:30:37 DaniilakLapTopE-OS systemd[1]: routerLogs.service: Service hold-off time over, scheduling restart.
<30>Apr 22 23:30:37 DaniilakLapTopE-OS systemd[1]: routerLogs.service: Scheduled restart job, restart counter is at 1386.
<30>Apr 22 23:30:37 DaniilakLapTopE-OS systemd[1]: Stopped routerLogs Service.
<30>Apr 22 23:30:37 DaniilakLapTopE-OS systemd[1]: Started routerLogs Service.
<27>Apr 22 23:30:37 DaniilakLapTopE-OS systemd[20266]: routerLogs.service: Failed to execute command: No such file or directory
<27>Apr 22 23:30:37 DaniilakLapTopE-OS systemd[20266]: routerLogs.service: Failed at step EXEC spawning /root/.pyenv/shims/python: No such file or directory
<29>Apr 22 23:30:37 DaniilakLapTopE-OS systemd[1]: routerLogs.service: Main process exited, code=exited, status=203/EXEC
<28>Apr 22 23:30:37 DaniilakLapTopE-OS systemd[1]: routerLogs.service: Failed with result 'exit-code'.
<30>Apr 22 23:30:42 DaniilakLapTopE-OS systemd[1]: routerLogs.service: Service hold-off time over, scheduling restart.
<30>Apr 22 23:30:42 DaniilakLapTopE-OS systemd[1]: routerLogs.service: Scheduled restart job, restart counter is at 1387.
<30>Apr 22 23:30:42 DaniilakLapTopE-OS systemd[1]: Stopped routerLogs Service.
<30>Apr 22 23:30:42 DaniilakLapTopE-OS systemd[1]: Started routerLogs Service.
<27>Apr 22 23:30:42 DaniilakLapTopE-OS systemd[20458]: routerLogs.service: Failed to execute command: No such file or directory
<27>Apr 22 23:30:42 DaniilakLapTopE-OS systemd[20458]: routerLogs.service: Failed at step EXEC spawning /root/.pyenv/shims/python: No such file or directory
<29>Apr 22 23:30:42 DaniilakLapTopE-OS systemd[1]: routerLogs.service: Main process exited, code=exited, status=203/EXEC
<28>Apr 22 23:30:42 DaniilakLapTopE-OS systemd[1]: routerLogs.service: Failed with result 'exit-code'.
<30>Apr 22 23:30:47 DaniilakLapTopE-OS systemd[1]: routerLogs.service: Service hold-off time over, scheduling restart.
<30>Apr 22 23:30:47 DaniilakLapTopE-OS systemd[1]: routerLogs.service: Scheduled restart job, restart counter is at 1388.
<30>Apr 22 23:30:47 DaniilakLapTopE-OS systemd[1]: Stopped routerLogs Service.
<30>Apr 22 23:30:47 DaniilakLapTopE-OS systemd[1]: Started routerLogs Service.
<27>Apr 22 23:30:47 DaniilakLapTopE-OS systemd[20654]: routerLogs.service: Failed to execute command: No such file or directory
<27>Apr 22 23:30:47 DaniilakLapTopE-OS systemd[20654]: routerLogs.service: Failed at step EXEC spawning /root/.pyenv/shims/python: No such file or directory
<29>Apr 22 23:30:47 DaniilakLapTopE-OS systemd[1]: routerLogs.service: Main process exited, code=exited, status=203/EXEC
<28>Apr 22 23:30:47 DaniilakLapTopE-OS systemd[1]: routerLogs.service: Failed with result 'exit-code'.
